<?xml version="1.0" encoding="UTF-8"?>
<!-- Generated by org.testng.reporters.JUnitReportReporter -->
<testsuite hostname="DB-L-174" failures="0" tests="1" name="Products.AutomateGetAllProductsTest" time="1.655" errors="0" timestamp="2025-09-05T17:52:08 IST" skipped="0">
  <testcase classname="Products.AutomateGetAllProductsTest" name="validate_all_products" time="1.655"/>
</testsuite> <!-- Products.AutomateGetAllProductsTest -->
