<?xml version="1.0" encoding="UTF-8"?>
<!-- Generated by org.testng.reporters.JUnitReportReporter -->
<testsuite hostname="DB-L-174" failures="0" tests="1" name="Products.AutomateGetAllProductsTest" time="1.719" errors="0" timestamp="2025-09-06T02:17:31 IST" skipped="0">
  <testcase classname="Products.AutomateGetAllProductsTest" name="getAllProducts_shouldReturnList" time="1.719"/>
</testsuite> <!-- Products.AutomateGetAllProductsTest -->
