<?xml version="1.0" encoding="UTF-8"?>
<!-- Generated by org.testng.reporters.JUnitReportReporter -->
<testsuite hostname="DB-L-174" failures="0" tests="3" name="orders.AutomateOrdersTest" time="3.159" errors="0" timestamp="2025-09-06T11:28:40 IST" skipped="0">
  <testcase classname="orders.AutomateOrdersTest" name="validOrderBeforeCutoff" time="0.318"/>
  <testcase classname="orders.AutomateOrdersTest" name="orderAfterCutoff_shiftsByTwoDays" time="2.483"/>
  <testcase classname="orders.AutomateOrdersTest" name="cancelRestoresStock" time="0.358"/>
</testsuite> <!-- orders.AutomateOrdersTest -->
